---------------------------------------------------
M.U.G.E.N ver 1.1.0 Beta 1 P1 (2013.08.11) status log
---------------------------------------------------
Parsing command line...
Command line: E:\Juegos\ukof-mugen\mugen.exe
Parse command line OK
Initializing...
Allocating game variables
Reading configuration file...Setting language "en".
OK
Initializing timer...performance timer enabled...frequency 2115986...OK
Initializing keyboard...configuring...OK
Initializing input engine...OK
Initializing sound...OK
Initializing BGM...  OK
Initializing graphics...gameCoord 640x480...render mode 2_20...trying 640x480x32 mode 0x0...success...OK
Setting callbacks...OK
Initializing font...OK
Initializing game variables...OK
Session RNG seed is 1595972504
Loading system fonts...OK
Loading options...
Initializing pads...failed
Reinitializing input engine...OK
Remapping keys...OK
Reinitializing input engine...OK
Options loaded OK
Loading system...
  Load system file system.def...OK
  Load system spr...OK
  Load system snd...OK
  Load system fonts...OK
  Load system anim...OK
  Load [Title Info]...OK
  Load [Option Info]...OK
  Load [Select Info]...OK
  Load [VS Screen]...OK
  Load [Victory Screen]...OK
  Load [Demo Mode]...OK
  Load [Continue Screen]...OK
  Load [Game Over Screen]...OK
  Load [Win Screen]...OK
  Load [Survival Results Screen]...OK
  Load [Default Ending]...OK
  Load [End Credits]...OK
  Load TitleBG...VersusBG...VictoryBG...SelectBG...OptionBG...OK
  Loading fight data
    Opening fight data file data/mugen1/fight.def...OK
    Reading [Files]...OK
    Loading fonts...OK
    Load fight anim...OK
    Reading [Lifebar]...[Turns Lifebar]...[Simul Lifebar]...[Powerbar]...
    [Face]...[Simul Face]...[Turns Face]...
    [Name]...[Simul Name]...[Turns Name]...
    [Time]...[Combo]...[Round]...[WinIcon]...OK
    Allocating explods...OK
  Fight data loaded OK
Lua initing
Lua init complete
System loaded OK
Initialize OK
Set up graphics...timer...OK

Entering gameflow loop
Gameflow 0
Gameflow 1
Gameflow 2
Initializing character info...OK
Initializing select screen...finding characters...
  Error reading character file: chars/<BLANK>/<BLANK>.def

  Error reading character file: chars/<BLANK>/<BLANK>.def

  Error reading character file: chars/<BLANK>/<BLANK>.def

  Error reading character file: chars/<BLANK>/<BLANK>.def

  Error reading character file: chars/<BLANK>/<BLANK>.def

  Error reading character file: chars/<BLANK>/<BLANK>.def

  Error reading character file: chars/<BLANK>/<BLANK>.def

  Error reading character file: chars/<BLANK>/<BLANK>.def

  Error reading character file: chars/<BLANK>/<BLANK>.def

  Error reading character file: chars/<BLANK>/<BLANK>.def

  Error reading character file: chars/<BLANK>/<BLANK>.def

  Error reading character file: chars/<BLANK>/<BLANK>.def

  Error reading character file: chars/<BLANK>/<BLANK>.def

  Error reading character file: chars/<BLANK>/<BLANK>.def

  Error reading character file: chars/<BLANK>/<BLANK>.def

  Error reading character file: chars/<BLANK>/<BLANK>.def

  Error reading character file: chars/<BLANK>/<BLANK>.def

  Error reading character file: chars/<BLANK>/<BLANK>.def

  Error reading character file: chars/<BLANK>/<BLANK>.def

  Error reading character file: chars/<BLANK>/<BLANK>.def

  Error reading character file: chars/<BLANK>/<BLANK>.def

  Error reading character file: chars/<BLANK>/<BLANK>.def

  Error reading character file: chars/<BLANK>/<BLANK>.def

  Error reading character file: chars/<BLANK>/<BLANK>.def

  Error reading character file: chars/<BLANK>/<BLANK>.def

  Error reading character file: chars/<BLANK>/<BLANK>.def

  Error reading character file: chars/<BLANK>/<BLANK>.def

  Error reading character file: chars/<BLANK>/<BLANK>.def

  Error reading character file: chars/<BLANK>/<BLANK>.def

  Error reading character file: chars/<BLANK>/<BLANK>.def

  Error reading character file: chars/<BLANK>/<BLANK>.def

  Error reading character file: chars/<BLANK>/<BLANK>.def

  Error reading character file: chars/<BLANK>/<BLANK>.def

  Error reading character file: chars/<BLANK>/<BLANK>.def

  Error reading character file: chars/<BLANK>/<BLANK>.def

  Error reading character file: chars/<BLANK>/<BLANK>.def

  Error reading character file: chars/<BLANK>/<BLANK>.def

  Error reading character file: chars/<BLANK>/<BLANK>.def

  Error reading character file: chars/<BLANK>/<BLANK>.def

  Error reading character file: chars/<BLANK>/<BLANK>.def

  Error reading character file: chars/<BLANK>/<BLANK>.def

  Error reading character file: chars/<BLANK>/<BLANK>.def

  Error reading character file: chars/<BLANK>/<BLANK>.def

  Error reading character file: chars/<BLANK>/<BLANK>.def

  Error reading character file: chars/<BLANK>/<BLANK>.def

  Error reading character file: chars/<BLANK>/<BLANK>.def

  Error reading character file: chars/<BLANK>/<BLANK>.def

  Error reading character file: chars/<BLANK>/<BLANK>.def

  Error reading character file: chars/<BLANK>/<BLANK>.def

  Error reading character file: chars/<BLANK>/<BLANK>.def

  Error reading character file: chars/<BLANK>/<BLANK>.def

  Error reading character file: chars/<BLANK>/<BLANK>.def

  Error reading character file: chars/<BLANK>/<BLANK>.def

  Error reading character file: chars/<BLANK>/<BLANK>.def

  Error reading character file: chars/<BLANK>/<BLANK>.def

  Error reading character file: chars/<BLANK>/<BLANK>.def

  Error reading character file: chars/<BLANK>/<BLANK>.def

  Error reading character file: chars/<BLANK>/<BLANK>.def

  Error reading character file: chars/<BLANK>/<BLANK>.def

  Error reading character file: chars/<BLANK>/<BLANK>.def

  Error reading character file: chars/<BLANK>/<BLANK>.def

  Error reading character file: chars/<BLANK>/<BLANK>.def

  Error reading character file: chars/<BLANK>/<BLANK>.def

  Error reading character file: chars/<BLANK>/<BLANK>.def

  Error reading character file: chars/<BLANK>/<BLANK>.def

  Error reading character file: chars/<BLANK>/<BLANK>.def

  Error reading character file: chars/<BLANK>/<BLANK>.def

  Error reading character file: chars/<BLANK>/<BLANK>.def

  Error reading character file: chars/<BLANK>/<BLANK>.def

  Error reading character file: chars/<BLANK>/<BLANK>.def

  Error reading character file: chars/<BLANK>/<BLANK>.def

  Error reading character file: chars/<BLANK>/<BLANK>.def

  Error reading character file: chars/<BLANK>/<BLANK>.def

  Error reading character file: chars/<BLANK>/<BLANK>.def

  Error reading character file: chars/<BLANK>/<BLANK>.def

  Error reading character file: chars/<BLANK>/<BLANK>.def

  Error reading character file: chars/<BLANK>/<BLANK>.def

  Error reading character file: chars/<BLANK>/<BLANK>.def

  Error reading character file: chars/<BLANK>/<BLANK>.def

  Error reading character file: chars/<BLANK>/<BLANK>.def

  Error reading character file: chars/<BLANK>/<BLANK>.def

  Error reading character file: chars/<BLANK>/<BLANK>.def

  Error reading character file: chars/<BLANK>/<BLANK>.def

  Error reading character file: chars/<BLANK>/<BLANK>.def

  Error reading character file: chars/<BLANK>/<BLANK>.def

  Error reading character file: chars/<BLANK>/<BLANK>.def

  Error reading character file: chars/<BLANK>/<BLANK>.def

  Error reading character file: chars/<BLANK>/<BLANK>.def

  Error reading character file: chars/<BLANK>/<BLANK>.def

  Error reading character file: chars/<BLANK>/<BLANK>.def

  Error reading character file: chars/<BLANK>/<BLANK>.def

  Error reading character file: chars/<BLANK>/<BLANK>.def

  Error reading character file: chars/<BLANK>/<BLANK>.def

  Error reading character file: chars/<BLANK>/<BLANK>.def
OK
Gameflow 3
Gameflow 4
Entering mode select.
Unloading match assets
Freeing players
Game loop init
Mode select init
End of mode select loop
Game loop deinit
Gameflow 6
Reset persist vars team 0
Reset persist vars team 1
Gameflow 7
Entering character select.
Unloading match assets
Freeing players
Game loop init
Unreserved all palettes
Charsel init
Selected char 0 on teamslot 0.0
Char Igniz-EV1.75.def (0) request pal 11 FFF (FFF) -> reserved 11 (7FF)
Selected char 1 on teamslot 1.0
Char Orochi-EV1.55.def (1) request pal 11 FFF (FFF) -> reserved 11 (7FF)
End of charsel loop
Game loop deinit
Gameflow 8
Gameflow 9
Gameflow 10
Entering versus screen.
Unloading match assets
Freeing players
Game loop init
Versus screen init
End of versus screen loop
Game loop deinit
Gameflow 11
Loading match assets...
Loading stage...
  Loading BG...OK
Stage loaded OK
  Allocating helpers...OK
Match RNG seed: 613646351
Reset persist vars team 0
Reset persist vars team 1
Loading character chars/Igniz-EV1.75/Igniz-EV1.75.def...
  Loading info...Info: Igniz-EV loading in pre-1.0 compatible mode
OK
  Loading cmd command set Igniz-EV.cmd...OK
  Loading cns Igniz-EV.cns...OK
  Loading cns States\Igniz-EV-Override.cns...OK
  Loading cns States\Igniz-EV-N.cns...OK
  Loading cns States\Igniz-EV-S.cns...OK
  Loading cns States\Igniz-EV-H.cns...OK
  Loading cns States\Igniz-EV-Helper.cns...OK
  Loading cns States\Igniz-EV-2.cns...OK
  Loading cns States\Igniz-EV-AI.cns...OK
  Loading cns States\Igniz-EV-AI-Learning.cns...OK
  Loading cns States\Igniz-EV-GOD.cns...OK
  Loading cmd state entry Igniz-EV.cmd...OK
  Loading common states common1.cns...OK
  Loading sff Igniz-EV.sff...OK
  Loading anim Igniz-EV.air...OK
  Loading snd Igniz-EV.snd...OK
  Loading pals...(1,1)(1,2)(1,3)(1,4)(1,5)(1,6)(1,7)(1,8)(1,9)(1,10)(1,11)(1,12)OK
  SFF v1.01 palette hack engaged.
  35082 expressions (14542 on trigger lines)
Character Igniz-EV1.75.def loaded OK
New char Igniz Eagrose Version loaded into cache: (1/4 cached) Load time: 3720.000ms
Loading character chars/Orochi-EV1.55/Orochi-EV1.55.def...
  Loading info...Info: Orochi-EV loading in pre-1.0 compatible mode
OK
  Loading cmd command set Orochi-EV.cmd...OK
  Loading cns Orochi-EV.cns...OK
  Loading cns States/Orochi-EV-Override.cns...OK
  Loading cns States/Orochi-EV-N.cns...OK
  Loading cns States/Orochi-EV-S.cns...OK
  Loading cns States/Orochi-EV-H.cns...OK
  Loading cns States/Orochi-EV-Helpers.cns...OK
  Loading cns States/Orochi-EV-2.cns...OK
  Loading cns States/Orochi-EV-AI.cns...OK
  Loading cns States/Orochi-EV-AI-Learning.cns...OK
  Loading cns States/Orochi-EV-GOD.cns...OK
  Loading cmd state entry Orochi-EV.cmd...OK
  Loading common states common1.cns...OK
  Loading sff Orochi-EV.sff...OK
  Loading anim Orochi-EV.air...OK
  Loading snd Orochi-EV.snd...OK
  Loading pals...(1,1)(1,2)(1,3)(1,4)(1,5)(1,6)(1,7)(1,8)(1,9)(1,10)(1,11)(1,12)OK
  SFF v1.01 palette hack engaged.
  33361 expressions (14072 on trigger lines)
Character Orochi-EV1.55.def loaded OK
New char Orochi Eagrose Version loaded into cache: (2/4 cached) Load time: 4700.000ms
Resetting round
Match assets initialized OK
Game loop init
Match loop init
End of match loop
Total time: 2.41s
Total frames: 170 	Skipped frames: 0
Avg game rate: 70.54
Avg frame rate: 70.54

Finishing match
Freeing players
Save persist vars P56 Igniz Eagrose Version
Player Igniz Eagrose Version cache count reduced: 0
Save persist vars P57 Orochi Eagrose Version
Player Orochi Eagrose Version cache count reduced: 0
Match RNG closed
Game loop deinit
Gameflow 6
Reset persist vars team 0
Reset persist vars team 1
Gameflow 7
Entering character select.
Unloading match assets
Freeing players
Unloading stage...OK
Game loop init
Unreserved all palettes
Charsel init
Selected char 0 on teamslot 0.0
Char Igniz-EV1.75.def (0) request pal 5 FFF (FFF) -> reserved 5 (FDF)
Selected char 1 on teamslot 1.0
Char Orochi-EV1.55.def (1) request pal 5 FFF (FFF) -> reserved 5 (FDF)
End of charsel loop
Game loop deinit
Gameflow 8
Gameflow 9
Gameflow 10
Entering versus screen.
Unloading match assets
Freeing players
Game loop init
Versus screen init
End of versus screen loop
Game loop deinit
Gameflow 11
Loading match assets...
Loading stage...
  Loading BG...OK
Stage loaded OK
  Allocating helpers...OK
Match RNG seed: 1247961250
Reset persist vars team 0
Reset persist vars team 1
Player Igniz Eagrose Version cache count increased: 1
Player Orochi Eagrose Version cache count increased: 1
Resetting round
Match assets initialized OK
Game loop init
Match loop init
End of match loop
Total time: 1.47s
Total frames: 104 	Skipped frames: 4
Avg game rate: 70.75
Avg frame rate: 68.03

Finishing match
Freeing players
Save persist vars P56 Igniz Eagrose Version
Player Igniz Eagrose Version cache count reduced: 0
Save persist vars P57 Orochi Eagrose Version
Player Orochi Eagrose Version cache count reduced: 0
Match RNG closed
Game loop deinit
Gameflow 6
Reset persist vars team 0
Reset persist vars team 1
Gameflow 7
Entering character select.
Unloading match assets
Freeing players
Unloading stage...OK
Game loop init
Unreserved all palettes
Charsel init
Game loop deinit
Canceled character select.
Gameflow 4
Entering mode select.
Unloading match assets
Freeing players
Game loop init
Mode select init
End of mode select loop
Game loop deinit
Gameflow 5
Entering options screen.
Unloading match assets
Freeing players
Game loop init
Options screen init
Config keys menu
Setting up input
Remapping keys...OK
Reinitializing input engine...OK
Return from config keys menu
CloseWindow event forced common loop quit.
End of options screen loop
Game loop deinit
Gameflow 4
Entering mode select.
Unloading match assets
Freeing players
Game loop init
Mode select init
End of mode select loop
Game loop deinit
Returned from gameflow loop
Deinitializing...
Frames      : 1778
Time elapsed: 145.340 sec
ticks: 14534, tps: 100, start 594, end 15128

Unloading match assets
Freeing players
Clearing player cache...Freeing player RC Igniz Eagrose Version...CMD...CNS...SFF...AIR...SND...Misc...OK
Freeing player RC Orochi Eagrose Version...CMD...CNS...SFF...AIR...SND...Misc...OK
OK
Freeing character info...OK
Freeing select screen...OK
Freeing fight data...OK
Freeing system data...OK
Freeing game variables...Unloading match assets
Freeing players
OK
Deinitializing input...pad...keyboard...OK
Removing callbacks...OK
Deintializing timer...OK
Deinitializing graphics...OK
Deinitializing BGM...OK
Deinitializing sound...OK
Successful program termination.

Log file successfully closed.
